<?xml version="1.0" encoding="UTF-8"?>
<!-- Generated by org.testng.reporters.JUnitReportReporter -->
<testsuite skipped="0" hostname="DESKTOP-070DR37" name="common.BaseClass" tests="1" failures="0" timestamp="22 Mar 2019 18:35:58 GMT" time="31.050" errors="0">
  <testcase name="dkjfn" time="31.050" classname="common.BaseClass"/>
</testsuite> <!-- common.BaseClass -->
